This file contains any messages produced by compilers while
running configure, to aid debugging if configure makes a mistake.

It was created by seedkit configure 0.1, which was
generated by GNU Autoconf 2.65.  Invocation command line was

  $ /home/alex/code/seedkit/configure --enable-maintainer-mode CFLAGS=-g -O0 CXXFLAGS=-g -O0 JFLAGS=-g -O0 FFLAGS=-g -O0

## --------- ##
## Platform. ##
## --------- ##

hostname = localhost.localdomain
uname -m = x86_64
uname -r = 2.6.34-0.10.rc1.git0.fc14.x86_64
uname -s = Linux
uname -v = #1 SMP Mon Mar 8 22:16:46 UTC 2010

/usr/bin/uname -p = unknown
/bin/uname -X     = unknown

/bin/arch              = x86_64
/usr/bin/arch -k       = unknown
/usr/convex/getsysinfo = unknown
/usr/bin/hostinfo      = unknown
/bin/machine           = unknown
/usr/bin/oslevel       = unknown
/bin/universe          = unknown

PATH: /usr/kerberos/sbin
PATH: /usr/kerberos/bin
PATH: /usr/lib64/ccache
PATH: /usr/local/bin
PATH: /usr/bin
PATH: /bin
PATH: /usr/local/sbin
PATH: /usr/sbin
PATH: /sbin
PATH: /home/alex/bin


## ----------- ##
## Core tests. ##
## ----------- ##

configure:2401: checking for a BSD-compatible install
configure:2469: result: /usr/bin/install -c
configure:2480: checking whether build environment is sane
configure:2530: result: yes
configure:2671: checking for a thread-safe mkdir -p
configure:2710: result: /bin/mkdir -p
configure:2723: checking for gawk
configure:2739: found /usr/bin/gawk
configure:2750: result: gawk
configure:2761: checking whether make sets $(MAKE)
configure:2783: result: yes
configure:2866: checking whether to enable maintainer-specific portions of Makefiles
configure:2875: result: yes
configure:2901: checking for style of include used by make
configure:2929: result: GNU
configure:2999: checking for gcc
configure:3015: found /usr/lib64/ccache/gcc
configure:3026: result: gcc
configure:3255: checking for C compiler version
configure:3264: gcc --version >&5
gcc (GCC) 4.4.3 20100226 (Red Hat 4.4.3-8)
Copyright (C) 2010 Free Software Foundation, Inc.
This is free software; see the source for copying conditions.  There is NO
warranty; not even for MERCHANTABILITY or FITNESS FOR A PARTICULAR PURPOSE.

configure:3275: $? = 0
configure:3264: gcc -v >&5
Using built-in specs.
Target: x86_64-redhat-linux
Configured with: ../configure --prefix=/usr --mandir=/usr/share/man --infodir=/usr/share/info --with-bugurl=http://bugzilla.redhat.com/bugzilla --enable-bootstrap --enable-shared --enable-threads=posix --enable-checking=release --with-system-zlib --enable-__cxa_atexit --disable-libunwind-exceptions --enable-gnu-unique-object --enable-languages=c,c++,objc,obj-c++,java,fortran,ada --enable-java-awt=gtk --disable-dssi --with-java-home=/usr/lib/jvm/java-1.5.0-gcj-1.5.0.0/jre --enable-libgcj-multifile --enable-java-maintainer-mode --with-ecj-jar=/usr/share/java/eclipse-ecj.jar --disable-libjava-multilib --with-ppl --with-cloog --with-tune=generic --with-arch_32=i686 --build=x86_64-redhat-linux
Thread model: posix
gcc version 4.4.3 20100226 (Red Hat 4.4.3-8) (GCC) 
configure:3275: $? = 0
configure:3264: gcc -V >&5
gcc: '-V' option must have argument
configure:3275: $? = 1
configure:3264: gcc -qversion >&5
gcc: unrecognized option '-qversion'
gcc: no input files
configure:3275: $? = 1
configure:3295: checking whether the C compiler works
configure:3317: gcc -g -O0   conftest.c  >&5
configure:3321: $? = 0
configure:3370: result: yes
configure:3373: checking for C compiler default output file name
configure:3375: result: a.out
configure:3381: checking for suffix of executables
configure:3388: gcc -o conftest -g -O0   conftest.c  >&5
configure:3392: $? = 0
configure:3414: result: 
configure:3436: checking whether we are cross compiling
configure:3444: gcc -o conftest -g -O0   conftest.c  >&5
configure:3448: $? = 0
configure:3455: ./conftest
configure:3459: $? = 0
configure:3474: result: no
configure:3479: checking for suffix of object files
configure:3501: gcc -c -g -O0  conftest.c >&5
configure:3505: $? = 0
configure:3526: result: o
configure:3530: checking whether we are using the GNU C compiler
configure:3549: gcc -c -g -O0  conftest.c >&5
configure:3549: $? = 0
configure:3558: result: yes
configure:3567: checking whether gcc accepts -g
configure:3587: gcc -c -g  conftest.c >&5
configure:3587: $? = 0
configure:3628: result: yes
configure:3645: checking for gcc option to accept ISO C89
configure:3709: gcc  -c -g -O0  conftest.c >&5
configure:3709: $? = 0
configure:3722: result: none needed
configure:3744: checking dependency style of gcc
configure:3854: result: gcc3
configure:3870: checking for library containing strerror
configure:3901: gcc -o conftest -g -O0   conftest.c  >&5
configure:3901: $? = 0
configure:3918: result: none required
configure:3974: checking for gcc
configure:4001: result: gcc
configure:4230: checking for C compiler version
configure:4239: gcc --version >&5
gcc (GCC) 4.4.3 20100226 (Red Hat 4.4.3-8)
Copyright (C) 2010 Free Software Foundation, Inc.
This is free software; see the source for copying conditions.  There is NO
warranty; not even for MERCHANTABILITY or FITNESS FOR A PARTICULAR PURPOSE.

configure:4250: $? = 0
configure:4239: gcc -v >&5
Using built-in specs.
Target: x86_64-redhat-linux
Configured with: ../configure --prefix=/usr --mandir=/usr/share/man --infodir=/usr/share/info --with-bugurl=http://bugzilla.redhat.com/bugzilla --enable-bootstrap --enable-shared --enable-threads=posix --enable-checking=release --with-system-zlib --enable-__cxa_atexit --disable-libunwind-exceptions --enable-gnu-unique-object --enable-languages=c,c++,objc,obj-c++,java,fortran,ada --enable-java-awt=gtk --disable-dssi --with-java-home=/usr/lib/jvm/java-1.5.0-gcj-1.5.0.0/jre --enable-libgcj-multifile --enable-java-maintainer-mode --with-ecj-jar=/usr/share/java/eclipse-ecj.jar --disable-libjava-multilib --with-ppl --with-cloog --with-tune=generic --with-arch_32=i686 --build=x86_64-redhat-linux
Thread model: posix
gcc version 4.4.3 20100226 (Red Hat 4.4.3-8) (GCC) 
configure:4250: $? = 0
configure:4239: gcc -V >&5
gcc: '-V' option must have argument
configure:4250: $? = 1
configure:4239: gcc -qversion >&5
gcc: unrecognized option '-qversion'
gcc: no input files
configure:4250: $? = 1
configure:4254: checking whether we are using the GNU C compiler
configure:4282: result: yes
configure:4291: checking whether gcc accepts -g
configure:4352: result: yes
configure:4369: checking for gcc option to accept ISO C89
configure:4446: result: none needed
configure:4468: checking dependency style of gcc
configure:4578: result: gcc3
configure:4641: checking for gcc
configure:4668: result: gcc
configure:4897: checking for C compiler version
configure:4906: gcc --version >&5
gcc (GCC) 4.4.3 20100226 (Red Hat 4.4.3-8)
Copyright (C) 2010 Free Software Foundation, Inc.
This is free software; see the source for copying conditions.  There is NO
warranty; not even for MERCHANTABILITY or FITNESS FOR A PARTICULAR PURPOSE.

configure:4917: $? = 0
configure:4906: gcc -v >&5
Using built-in specs.
Target: x86_64-redhat-linux
Configured with: ../configure --prefix=/usr --mandir=/usr/share/man --infodir=/usr/share/info --with-bugurl=http://bugzilla.redhat.com/bugzilla --enable-bootstrap --enable-shared --enable-threads=posix --enable-checking=release --with-system-zlib --enable-__cxa_atexit --disable-libunwind-exceptions --enable-gnu-unique-object --enable-languages=c,c++,objc,obj-c++,java,fortran,ada --enable-java-awt=gtk --disable-dssi --with-java-home=/usr/lib/jvm/java-1.5.0-gcj-1.5.0.0/jre --enable-libgcj-multifile --enable-java-maintainer-mode --with-ecj-jar=/usr/share/java/eclipse-ecj.jar --disable-libjava-multilib --with-ppl --with-cloog --with-tune=generic --with-arch_32=i686 --build=x86_64-redhat-linux
Thread model: posix
gcc version 4.4.3 20100226 (Red Hat 4.4.3-8) (GCC) 
configure:4917: $? = 0
configure:4906: gcc -V >&5
gcc: '-V' option must have argument
configure:4917: $? = 1
configure:4906: gcc -qversion >&5
gcc: unrecognized option '-qversion'
gcc: no input files
configure:4917: $? = 1
configure:4921: checking whether we are using the GNU C compiler
configure:4949: result: yes
configure:4958: checking whether gcc accepts -g
configure:5019: result: yes
configure:5036: checking for gcc option to accept ISO C89
configure:5113: result: none needed
configure:5135: checking dependency style of gcc
configure:5245: result: gcc3
configure:5268: checking how to run the C preprocessor
configure:5299: gcc -E  conftest.c
configure:5299: $? = 0
configure:5313: gcc -E  conftest.c
conftest.c:11:28: error: ac_nonexistent.h: No such file or directory
configure:5313: $? = 1
configure: failed program was:
| /* confdefs.h */
| #define PACKAGE_NAME "seedkit"
| #define PACKAGE_TARNAME "seedkit"
| #define PACKAGE_VERSION "0.1"
| #define PACKAGE_STRING "seedkit 0.1"
| #define PACKAGE_BUGREPORT ""
| #define PACKAGE_URL ""
| #define PACKAGE "seedkit"
| #define VERSION "0.1"
| /* end confdefs.h.  */
| #include <ac_nonexistent.h>
configure:5338: result: gcc -E
configure:5358: gcc -E  conftest.c
configure:5358: $? = 0
configure:5372: gcc -E  conftest.c
conftest.c:11:28: error: ac_nonexistent.h: No such file or directory
configure:5372: $? = 1
configure: failed program was:
| /* confdefs.h */
| #define PACKAGE_NAME "seedkit"
| #define PACKAGE_TARNAME "seedkit"
| #define PACKAGE_VERSION "0.1"
| #define PACKAGE_STRING "seedkit 0.1"
| #define PACKAGE_BUGREPORT ""
| #define PACKAGE_URL ""
| #define PACKAGE "seedkit"
| #define VERSION "0.1"
| /* end confdefs.h.  */
| #include <ac_nonexistent.h>
configure:5401: checking for grep that handles long lines and -e
configure:5459: result: /bin/grep
configure:5464: checking for egrep
configure:5526: result: /bin/grep -E
configure:5531: checking for ANSI C header files
configure:5551: gcc -c -g -O0  conftest.c >&5
configure:5551: $? = 0
configure:5624: gcc -o conftest -g -O0   conftest.c  >&5
configure:5624: $? = 0
configure:5624: ./conftest
configure:5624: $? = 0
configure:5635: result: yes
configure:5659: checking for sys/types.h
configure:5659: gcc -c -g -O0  conftest.c >&5
configure:5659: $? = 0
configure:5659: result: yes
configure:5659: checking for sys/stat.h
configure:5659: gcc -c -g -O0  conftest.c >&5
configure:5659: $? = 0
configure:5659: result: yes
configure:5659: checking for stdlib.h
configure:5659: gcc -c -g -O0  conftest.c >&5
configure:5659: $? = 0
configure:5659: result: yes
configure:5659: checking for string.h
configure:5659: gcc -c -g -O0  conftest.c >&5
configure:5659: $? = 0
configure:5659: result: yes
configure:5659: checking for memory.h
configure:5659: gcc -c -g -O0  conftest.c >&5
configure:5659: $? = 0
configure:5659: result: yes
configure:5659: checking for strings.h
configure:5659: gcc -c -g -O0  conftest.c >&5
configure:5659: $? = 0
configure:5659: result: yes
configure:5659: checking for inttypes.h
configure:5659: gcc -c -g -O0  conftest.c >&5
configure:5659: $? = 0
configure:5659: result: yes
configure:5659: checking for stdint.h
configure:5659: gcc -c -g -O0  conftest.c >&5
configure:5659: $? = 0
configure:5659: result: yes
configure:5659: checking for unistd.h
configure:5659: gcc -c -g -O0  conftest.c >&5
configure:5659: $? = 0
configure:5659: result: yes
configure:5675: checking locale.h usability
configure:5675: gcc -c -g -O0  conftest.c >&5
configure:5675: $? = 0
configure:5675: result: yes
configure:5675: checking locale.h presence
configure:5675: gcc -E  conftest.c
configure:5675: $? = 0
configure:5675: result: yes
configure:5675: checking for locale.h
configure:5675: result: yes
configure:5686: checking for LC_MESSAGES
configure:5702: gcc -o conftest -g -O0   conftest.c  >&5
configure:5702: $? = 0
configure:5710: result: yes
configure:5727: checking libintl.h usability
configure:5727: gcc -c -g -O0  conftest.c >&5
configure:5727: $? = 0
configure:5727: result: yes
configure:5727: checking libintl.h presence
configure:5727: gcc -E  conftest.c
configure:5727: $? = 0
configure:5727: result: yes
configure:5727: checking for libintl.h
configure:5727: result: yes
configure:5735: checking for ngettext in libc
configure:5753: gcc -o conftest -g -O0   conftest.c  >&5
configure:5753: $? = 0
configure:5762: result: yes
configure:5766: checking for dgettext in libc
configure:5784: gcc -o conftest -g -O0   conftest.c  >&5
configure:5784: $? = 0
configure:5793: result: yes
configure:5800: checking for bind_textdomain_codeset
configure:5800: gcc -o conftest -g -O0   conftest.c  >&5
configure:5800: $? = 0
configure:5800: result: yes
configure:6076: checking for msgfmt
configure:6103: result: /usr/bin/msgfmt
configure:6114: checking for dcgettext
configure:6114: gcc -o conftest -g -O0   conftest.c   >&5
conftest.c:49: warning: conflicting types for built-in function 'dcgettext'
configure:6114: $? = 0
configure:6114: result: yes
configure:6124: checking if msgfmt accepts -c
configure:6139: $MSGFMT -c -o /dev/null conftest.foo
configure:6142: $? = 0
configure:6144: result: yes
configure:6154: checking for gmsgfmt
configure:6185: result: /usr/bin/msgfmt
configure:6195: checking for xgettext
configure:6222: result: /usr/bin/xgettext
configure:6241: gcc -o conftest -g -O0   conftest.c   >&5
configure:6241: $? = 0
configure:6377: checking whether NLS is requested
configure:6386: result: yes
configure:6401: checking for intltool >= 0.35.0
configure:6408: result: 0.41.0 found
configure:6416: checking for intltool-update
configure:6434: found /usr/bin/intltool-update
configure:6446: result: /usr/bin/intltool-update
configure:6456: checking for intltool-merge
configure:6474: found /usr/bin/intltool-merge
configure:6486: result: /usr/bin/intltool-merge
configure:6496: checking for intltool-extract
configure:6514: found /usr/bin/intltool-extract
configure:6526: result: /usr/bin/intltool-extract
configure:6657: checking for xgettext
configure:6687: result: /usr/bin/xgettext
configure:6697: checking for msgmerge
configure:6715: found /usr/bin/msgmerge
configure:6727: result: /usr/bin/msgmerge
configure:6737: checking for msgfmt
configure:6767: result: /usr/bin/msgfmt
configure:6777: checking for gmsgfmt
configure:6808: result: /usr/bin/msgfmt
configure:6828: checking for perl
configure:6846: found /usr/bin/perl
configure:6858: result: /usr/bin/perl
configure:6869: checking for perl >= 5.8.1
configure:6876: result: 5.10.1
configure:6880: checking for XML::Parser
configure:6883: result: ok
configure:6966: checking build system type
configure:6980: result: x86_64-unknown-linux-gnu
configure:7000: checking host system type
configure:7013: result: x86_64-unknown-linux-gnu
configure:7033: checking for a sed that does not truncate output
configure:7097: result: /bin/sed
configure:7115: checking for fgrep
configure:7177: result: /bin/grep -F
configure:7212: checking for ld used by gcc
configure:7279: result: /usr/bin/ld
configure:7286: checking if the linker (/usr/bin/ld) is GNU ld
configure:7301: result: yes
configure:7313: checking for BSD- or MS-compatible name lister (nm)
configure:7362: result: /usr/bin/nm -B
configure:7480: checking the name lister (/usr/bin/nm -B) interface
configure:7487: gcc -c -g -O0  conftest.c >&5
configure:7490: /usr/bin/nm -B "conftest.o"
configure:7493: output
0000000000000000 B some_variable
configure:7500: result: BSD nm
configure:7503: checking whether ln -s works
configure:7507: result: yes
configure:7515: checking the maximum length of command line arguments
configure:7635: result: 1572864
configure:7652: checking whether the shell understands some XSI constructs
configure:7662: result: yes
configure:7666: checking whether the shell understands "+="
configure:7672: result: yes
configure:7707: checking for /usr/bin/ld option to reload object files
configure:7714: result: -r
configure:7783: checking for objdump
configure:7799: found /usr/bin/objdump
configure:7810: result: objdump
configure:7842: checking how to recognize dependent libraries
configure:8038: result: pass_all
configure:8098: checking for ar
configure:8114: found /usr/bin/ar
configure:8125: result: ar
configure:8203: checking for strip
configure:8219: found /usr/bin/strip
configure:8230: result: strip
configure:8302: checking for ranlib
configure:8318: found /usr/bin/ranlib
configure:8329: result: ranlib
configure:8419: checking command to parse /usr/bin/nm -B output from gcc object
configure:8537: gcc -c -g -O0  conftest.c >&5
configure:8540: $? = 0
configure:8544: /usr/bin/nm -B conftest.o \| sed -n -e 's/^.*[	 ]\([ABCDGIRSTW][ABCDGIRSTW]*\)[	 ][	 ]*\([_A-Za-z][_A-Za-z0-9]*\)$/\1 \2 \2/p' \> conftest.nm
configure:8547: $? = 0
configure:8601: gcc -o conftest -g -O0   conftest.c conftstm.o >&5
configure:8604: $? = 0
configure:8642: result: ok
configure:8737: gcc -c -g -O0  conftest.c >&5
configure:8740: $? = 0
configure:9447: checking for dlfcn.h
configure:9447: gcc -c -g -O0  conftest.c >&5
configure:9447: $? = 0
configure:9447: result: yes
configure:9631: checking for objdir
configure:9646: result: .libs
configure:9938: checking if gcc supports -fno-rtti -fno-exceptions
configure:9956: gcc -c -g -O0  -fno-rtti -fno-exceptions conftest.c >&5
cc1: warning: command line option "-fno-rtti" is valid for C++/ObjC++ but not for C
cc1: warning: command line option "-fno-rtti" is valid for C++/ObjC++ but not for C
configure:9960: $? = 0
configure:9973: result: no
configure:9993: checking for gcc option to produce PIC
configure:10265: result: -fPIC -DPIC
configure:10277: checking if gcc PIC flag -fPIC -DPIC works
configure:10295: gcc -c -g -O0  -fPIC -DPIC -DPIC conftest.c >&5
configure:10299: $? = 0
configure:10312: result: yes
configure:10336: checking if gcc static flag -static works
configure:10364: result: no
configure:10379: checking if gcc supports -c -o file.o
configure:10400: gcc -c -g -O0  -o out/conftest2.o conftest.c >&5
configure:10404: $? = 0
configure:10426: result: yes
configure:10434: checking if gcc supports -c -o file.o
configure:10481: result: yes
configure:10514: checking whether the gcc linker (/usr/bin/ld -m elf_x86_64) supports shared libraries
configure:11500: result: yes
configure:11537: checking whether -lc should be explicitly linked in
configure:11542: gcc -c -g -O0  conftest.c >&5
configure:11545: $? = 0
configure:11560: gcc -shared conftest.o  -v -Wl,-soname -Wl,conftest -o conftest 2\>\&1 \| /bin/grep  -lc  \>/dev/null 2\>\&1
configure:11563: $? = 0
configure:11575: result: no
configure:11739: checking dynamic linker characteristics
configure:12172: gcc -o conftest -g -O0   -Wl,-rpath -Wl,/foo conftest.c  >&5
configure:12172: $? = 0
configure:12393: result: GNU/Linux ld.so
configure:12495: checking how to hardcode library paths into programs
configure:12520: result: immediate
configure:13040: checking whether stripping libraries is possible
configure:13045: result: yes
configure:13080: checking if libtool supports shared libraries
configure:13082: result: yes
configure:13085: checking whether to build shared libraries
configure:13106: result: yes
configure:13109: checking whether to build static libraries
configure:13113: result: yes
configure:13200: checking for pkg-config
configure:13218: found /usr/bin/pkg-config
configure:13230: result: /usr/bin/pkg-config
configure:13255: checking pkg-config is at least version 0.9.0
configure:13258: result: yes
configure:13269: checking for SEEDKIT
configure:13276: $PKG_CONFIG --exists --print-errors "gtk+-2.0 >= 2.12 seed webkit-1.0  "
configure:13279: $? = 0
configure:13292: $PKG_CONFIG --exists --print-errors "gtk+-2.0 >= 2.12 seed webkit-1.0  "
configure:13295: $? = 0
configure:13349: result: yes
configure:13373: checking gtk-doc version >= 1.0
configure:13376: result: yes
configure:13548: creating ./config.status

## ---------------------- ##
## Running config.status. ##
## ---------------------- ##

This file was extended by seedkit config.status 0.1, which was
generated by GNU Autoconf 2.65.  Invocation command line was

  CONFIG_FILES    = 
  CONFIG_HEADERS  = 
  CONFIG_LINKS    = 
  CONFIG_COMMANDS = 
  $ ./config.status 

on localhost.localdomain

config.status:1145: creating Makefile
config.status:1145: creating src/Makefile
config.status:1145: creating po/Makefile.in
config.status:1145: creating config.h
config.status:1310: config.h is unchanged
config.status:1358: executing depfiles commands
config.status:1358: executing default-1 commands
config.status:1358: executing libtool commands
config.status:1358: executing po/stamp-it commands

## ---------------- ##
## Cache variables. ##
## ---------------- ##

ac_cv_build=x86_64-unknown-linux-gnu
ac_cv_c_compiler_gnu=yes
ac_cv_env_CC_set=
ac_cv_env_CC_value=
ac_cv_env_CFLAGS_set=set
ac_cv_env_CFLAGS_value='-g -O0'
ac_cv_env_CPPFLAGS_set=
ac_cv_env_CPPFLAGS_value=
ac_cv_env_CPP_set=
ac_cv_env_CPP_value=
ac_cv_env_LDFLAGS_set=
ac_cv_env_LDFLAGS_value=
ac_cv_env_LIBS_set=
ac_cv_env_LIBS_value=
ac_cv_env_PKG_CONFIG_set=
ac_cv_env_PKG_CONFIG_value=
ac_cv_env_SEEDKIT_CFLAGS_set=
ac_cv_env_SEEDKIT_CFLAGS_value=
ac_cv_env_SEEDKIT_LIBS_set=
ac_cv_env_SEEDKIT_LIBS_value=
ac_cv_env_build_alias_set=
ac_cv_env_build_alias_value=
ac_cv_env_host_alias_set=
ac_cv_env_host_alias_value=
ac_cv_env_target_alias_set=
ac_cv_env_target_alias_value=
ac_cv_func_bind_textdomain_codeset=yes
ac_cv_func_dcgettext=yes
ac_cv_header_dlfcn_h=yes
ac_cv_header_inttypes_h=yes
ac_cv_header_libintl_h=yes
ac_cv_header_locale_h=yes
ac_cv_header_memory_h=yes
ac_cv_header_stdc=yes
ac_cv_header_stdint_h=yes
ac_cv_header_stdlib_h=yes
ac_cv_header_string_h=yes
ac_cv_header_strings_h=yes
ac_cv_header_sys_stat_h=yes
ac_cv_header_sys_types_h=yes
ac_cv_header_unistd_h=yes
ac_cv_host=x86_64-unknown-linux-gnu
ac_cv_objext=o
ac_cv_path_EGREP='/bin/grep -E'
ac_cv_path_FGREP='/bin/grep -F'
ac_cv_path_GMSGFMT=/usr/bin/msgfmt
ac_cv_path_GREP=/bin/grep
ac_cv_path_INTLTOOL_EXTRACT=/usr/bin/intltool-extract
ac_cv_path_INTLTOOL_MERGE=/usr/bin/intltool-merge
ac_cv_path_INTLTOOL_PERL=/usr/bin/perl
ac_cv_path_INTLTOOL_UPDATE=/usr/bin/intltool-update
ac_cv_path_MSGFMT=/usr/bin/msgfmt
ac_cv_path_MSGMERGE=/usr/bin/msgmerge
ac_cv_path_SED=/bin/sed
ac_cv_path_XGETTEXT=/usr/bin/xgettext
ac_cv_path_ac_pt_PKG_CONFIG=/usr/bin/pkg-config
ac_cv_path_install='/usr/bin/install -c'
ac_cv_path_mkdir=/bin/mkdir
ac_cv_prog_AWK=gawk
ac_cv_prog_CPP='gcc -E'
ac_cv_prog_ac_ct_AR=ar
ac_cv_prog_ac_ct_CC=gcc
ac_cv_prog_ac_ct_OBJDUMP=objdump
ac_cv_prog_ac_ct_RANLIB=ranlib
ac_cv_prog_ac_ct_STRIP=strip
ac_cv_prog_cc_c89=
ac_cv_prog_cc_g=yes
ac_cv_prog_make_make_set=yes
ac_cv_search_strerror='none required'
am_cv_CC_dependencies_compiler_type=gcc3
am_cv_prog_cc_stdc=
am_cv_val_LC_MESSAGES=yes
gt_cv_func_dgettext_libc=yes
gt_cv_func_dgettext_libintl=no
gt_cv_func_ngettext_libc=yes
gt_cv_have_gettext=yes
lt_cv_deplibs_check_method=pass_all
lt_cv_file_magic_cmd='$MAGIC_CMD'
lt_cv_file_magic_test_file=
lt_cv_ld_reload_flag=-r
lt_cv_nm_interface='BSD nm'
lt_cv_objdir=.libs
lt_cv_path_LD=/usr/bin/ld
lt_cv_path_NM='/usr/bin/nm -B'
lt_cv_prog_compiler_c_o=yes
lt_cv_prog_compiler_pic_works=yes
lt_cv_prog_compiler_rtti_exceptions=no
lt_cv_prog_compiler_static_works=no
lt_cv_prog_gnu_ld=yes
lt_cv_sys_global_symbol_pipe='sed -n -e '\''s/^.*[	 ]\([ABCDGIRSTW][ABCDGIRSTW]*\)[	 ][	 ]*\([_A-Za-z][_A-Za-z0-9]*\)$/\1 \2 \2/p'\'''
lt_cv_sys_global_symbol_to_c_name_address='sed -n -e '\''s/^: \([^ ]*\) $/  {\"\1\", (void *) 0},/p'\'' -e '\''s/^[ABCDGIRSTW]* \([^ ]*\) \([^ ]*\)$/  {"\2", (void *) \&\2},/p'\'''
lt_cv_sys_global_symbol_to_c_name_address_lib_prefix='sed -n -e '\''s/^: \([^ ]*\) $/  {\"\1\", (void *) 0},/p'\'' -e '\''s/^[ABCDGIRSTW]* \([^ ]*\) \(lib[^ ]*\)$/  {"\2", (void *) \&\2},/p'\'' -e '\''s/^[ABCDGIRSTW]* \([^ ]*\) \([^ ]*\)$/  {"lib\2", (void *) \&\2},/p'\'''
lt_cv_sys_global_symbol_to_cdecl='sed -n -e '\''s/^T .* \(.*\)$/extern int \1();/p'\'' -e '\''s/^[ABCDGIRSTW]* .* \(.*\)$/extern char \1;/p'\'''
lt_cv_sys_max_cmd_len=1572864
pkg_cv_SEEDKIT_CFLAGS='-pthread -I/usr/include/gtk-2.0 -I/usr/lib64/gtk-2.0/include -I/usr/include/atk-1.0 -I/usr/include/cairo -I/usr/include/pango-1.0 -I/usr/include/glib-2.0 -I/usr/lib64/glib-2.0/include -I/usr/include/pixman-1 -I/usr/include/freetype2 -I/usr/include/libpng12 -I/usr/include/seed -I/usr/include/webkit-1.0 -I/usr/include/gobject-introspection-1.0 -I/usr/include/libsoup-2.4 -I/usr/include/libxml2 -I/usr/lib64/libffi-3.0.9/include  '
pkg_cv_SEEDKIT_LIBS='-pthread -Wl,--export-dynamic -lseed -lgirepository-1.0 -lffi -lwebkit-1.0 -lgtk-x11-2.0 -lsoup-2.4 -lgdk-x11-2.0 -latk-1.0 -lpangoft2-1.0 -lgdk_pixbuf-2.0 -lpangocairo-1.0 -lcairo -lpango-1.0 -lfreetype -lfontconfig -lgio-2.0 -lgobject-2.0 -lgmodule-2.0 -lgthread-2.0 -lrt -lglib-2.0  '

## ----------------- ##
## Output variables. ##
## ----------------- ##

ACLOCAL='${SHELL} /home/alex/code/seedkit/missing --run aclocal-1.11'
ALL_LINGUAS=''
AMDEPBACKSLASH='\'
AMDEP_FALSE='#'
AMDEP_TRUE=''
AMTAR='${SHELL} /home/alex/code/seedkit/missing --run tar'
AR='ar'
AUTOCONF='${SHELL} /home/alex/code/seedkit/missing --run autoconf'
AUTOHEADER='${SHELL} /home/alex/code/seedkit/missing --run autoheader'
AUTOMAKE='${SHELL} /home/alex/code/seedkit/missing --run automake-1.11'
AWK='gawk'
CATALOGS=''
CATOBJEXT='.gmo'
CC='gcc'
CCDEPMODE='depmode=gcc3'
CFLAGS='-g -O0'
CPP='gcc -E'
CPPFLAGS=''
CYGPATH_W='echo'
DATADIRNAME='share'
DEFS='-DHAVE_CONFIG_H'
DEPDIR='.deps'
DSYMUTIL=''
DUMPBIN=''
ECHO_C=''
ECHO_N='-n'
ECHO_T=''
EGREP='/bin/grep -E'
ENABLE_GTK_DOC_FALSE='#'
ENABLE_GTK_DOC_TRUE=''
EXEEXT=''
FGREP='/bin/grep -F'
GETTEXT_PACKAGE='seedkit'
GMOFILES=''
GMSGFMT='/usr/bin/msgfmt'
GREP='/bin/grep'
HTML_DIR='${datadir}/gtk-doc/html'
INSTALL_DATA='${INSTALL} -m 644'
INSTALL_PROGRAM='${INSTALL}'
INSTALL_SCRIPT='${INSTALL}'
INSTALL_STRIP_PROGRAM='$(install_sh) -c -s'
INSTOBJEXT='.mo'
INTLLIBS=''
INTLTOOL_CAVES_RULE='%.caves:     %.caves.in     $(INTLTOOL_MERGE) $(wildcard $(top_srcdir)/po/*.po) ; LC_ALL=C $(INTLTOOL_MERGE) -d -u -c $(top_builddir)/po/.intltool-merge-cache $(top_srcdir)/po $< $@'
INTLTOOL_DESKTOP_RULE='%.desktop:   %.desktop.in   $(INTLTOOL_MERGE) $(wildcard $(top_srcdir)/po/*.po) ; LC_ALL=C $(INTLTOOL_MERGE) -d -u -c $(top_builddir)/po/.intltool-merge-cache $(top_srcdir)/po $< $@'
INTLTOOL_DIRECTORY_RULE='%.directory: %.directory.in $(INTLTOOL_MERGE) $(wildcard $(top_srcdir)/po/*.po) ; LC_ALL=C $(INTLTOOL_MERGE) -d -u -c $(top_builddir)/po/.intltool-merge-cache $(top_srcdir)/po $< $@'
INTLTOOL_EXTRACT='/usr/bin/intltool-extract'
INTLTOOL_KBD_RULE='%.kbd:       %.kbd.in       $(INTLTOOL_MERGE) $(wildcard $(top_srcdir)/po/*.po) ; LC_ALL=C $(INTLTOOL_MERGE) -x -u -m -c $(top_builddir)/po/.intltool-merge-cache $(top_srcdir)/po $< $@'
INTLTOOL_KEYS_RULE='%.keys:      %.keys.in      $(INTLTOOL_MERGE) $(wildcard $(top_srcdir)/po/*.po) ; LC_ALL=C $(INTLTOOL_MERGE) -k -u -c $(top_builddir)/po/.intltool-merge-cache $(top_srcdir)/po $< $@'
INTLTOOL_MERGE='/usr/bin/intltool-merge'
INTLTOOL_OAF_RULE='%.oaf:       %.oaf.in       $(INTLTOOL_MERGE) $(wildcard $(top_srcdir)/po/*.po) ; LC_ALL=C $(INTLTOOL_MERGE) -o -p $(top_srcdir)/po $< $@'
INTLTOOL_PERL='/usr/bin/perl'
INTLTOOL_POLICY_RULE='%.policy:    %.policy.in    $(INTLTOOL_MERGE) $(wildcard $(top_srcdir)/po/*.po) ; LC_ALL=C $(INTLTOOL_MERGE) -x -u -c $(top_builddir)/po/.intltool-merge-cache $(top_srcdir)/po $< $@'
INTLTOOL_PONG_RULE='%.pong:      %.pong.in      $(INTLTOOL_MERGE) $(wildcard $(top_srcdir)/po/*.po) ; LC_ALL=C $(INTLTOOL_MERGE) -x -u -c $(top_builddir)/po/.intltool-merge-cache $(top_srcdir)/po $< $@'
INTLTOOL_PROP_RULE='%.prop:      %.prop.in      $(INTLTOOL_MERGE) $(wildcard $(top_srcdir)/po/*.po) ; LC_ALL=C $(INTLTOOL_MERGE) -d -u -c $(top_builddir)/po/.intltool-merge-cache $(top_srcdir)/po $< $@'
INTLTOOL_SCHEMAS_RULE='%.schemas:   %.schemas.in   $(INTLTOOL_MERGE) $(wildcard $(top_srcdir)/po/*.po) ; LC_ALL=C $(INTLTOOL_MERGE) -s -u -c $(top_builddir)/po/.intltool-merge-cache $(top_srcdir)/po $< $@'
INTLTOOL_SERVER_RULE='%.server:    %.server.in    $(INTLTOOL_MERGE) $(wildcard $(top_srcdir)/po/*.po) ; LC_ALL=C $(INTLTOOL_MERGE) -o -u -c $(top_builddir)/po/.intltool-merge-cache $(top_srcdir)/po $< $@'
INTLTOOL_SERVICE_RULE='%.service: %.service.in   $(INTLTOOL_MERGE) $(wildcard $(top_srcdir)/po/*.po) ; LC_ALL=C $(INTLTOOL_MERGE) -d -u -c $(top_builddir)/po/.intltool-merge-cache $(top_srcdir)/po $< $@'
INTLTOOL_SHEET_RULE='%.sheet:     %.sheet.in     $(INTLTOOL_MERGE) $(wildcard $(top_srcdir)/po/*.po) ; LC_ALL=C $(INTLTOOL_MERGE) -x -u -c $(top_builddir)/po/.intltool-merge-cache $(top_srcdir)/po $< $@'
INTLTOOL_SOUNDLIST_RULE='%.soundlist: %.soundlist.in $(INTLTOOL_MERGE) $(wildcard $(top_srcdir)/po/*.po) ; LC_ALL=C $(INTLTOOL_MERGE) -d -u -c $(top_builddir)/po/.intltool-merge-cache $(top_srcdir)/po $< $@'
INTLTOOL_THEME_RULE='%.theme:     %.theme.in     $(INTLTOOL_MERGE) $(wildcard $(top_srcdir)/po/*.po) ; LC_ALL=C $(INTLTOOL_MERGE) -d -u -c $(top_builddir)/po/.intltool-merge-cache $(top_srcdir)/po $< $@'
INTLTOOL_UI_RULE='%.ui:        %.ui.in        $(INTLTOOL_MERGE) $(wildcard $(top_srcdir)/po/*.po) ; LC_ALL=C $(INTLTOOL_MERGE) -x -u -c $(top_builddir)/po/.intltool-merge-cache $(top_srcdir)/po $< $@'
INTLTOOL_UPDATE='/usr/bin/intltool-update'
INTLTOOL_XAM_RULE='%.xam:       %.xml.in       $(INTLTOOL_MERGE) $(wildcard $(top_srcdir)/po/*.po) ; LC_ALL=C $(INTLTOOL_MERGE) -x -u -c $(top_builddir)/po/.intltool-merge-cache $(top_srcdir)/po $< $@'
INTLTOOL_XML_NOMERGE_RULE='%.xml:       %.xml.in       $(INTLTOOL_MERGE) ; LC_ALL=C $(INTLTOOL_MERGE) -x -u /tmp $< $@'
INTLTOOL_XML_RULE='%.xml:       %.xml.in       $(INTLTOOL_MERGE) $(wildcard $(top_srcdir)/po/*.po) ; LC_ALL=C $(INTLTOOL_MERGE) -x -u -c $(top_builddir)/po/.intltool-merge-cache $(top_srcdir)/po $< $@'
LD='/usr/bin/ld -m elf_x86_64'
LDFLAGS=''
LIBOBJS=''
LIBS=''
LIBTOOL='$(SHELL) $(top_builddir)/libtool'
LIPO=''
LN_S='ln -s'
LTLIBOBJS=''
MAINT=''
MAINTAINER_MODE_FALSE='#'
MAINTAINER_MODE_TRUE=''
MAKEINFO='${SHELL} /home/alex/code/seedkit/missing --run makeinfo'
MKDIR_P='/bin/mkdir -p'
MKINSTALLDIRS='/home/alex/code/seedkit/mkinstalldirs'
MSGFMT='/usr/bin/msgfmt'
MSGFMT_OPTS='-c'
MSGMERGE='/usr/bin/msgmerge'
NM='/usr/bin/nm -B'
NMEDIT=''
OBJDUMP='objdump'
OBJEXT='o'
OTOOL64=''
OTOOL=''
PACKAGE='seedkit'
PACKAGE_BUGREPORT=''
PACKAGE_NAME='seedkit'
PACKAGE_STRING='seedkit 0.1'
PACKAGE_TARNAME='seedkit'
PACKAGE_URL=''
PACKAGE_VERSION='0.1'
PATH_SEPARATOR=':'
PKG_CONFIG='/usr/bin/pkg-config'
POFILES=''
POSUB='po'
PO_IN_DATADIR_FALSE=''
PO_IN_DATADIR_TRUE=''
RANLIB='ranlib'
SED='/bin/sed'
SEEDKIT_CFLAGS='-pthread -I/usr/include/gtk-2.0 -I/usr/lib64/gtk-2.0/include -I/usr/include/atk-1.0 -I/usr/include/cairo -I/usr/include/pango-1.0 -I/usr/include/glib-2.0 -I/usr/lib64/glib-2.0/include -I/usr/include/pixman-1 -I/usr/include/freetype2 -I/usr/include/libpng12 -I/usr/include/seed -I/usr/include/webkit-1.0 -I/usr/include/gobject-introspection-1.0 -I/usr/include/libsoup-2.4 -I/usr/include/libxml2 -I/usr/lib64/libffi-3.0.9/include  '
SEEDKIT_LIBS='-pthread -Wl,--export-dynamic -lseed -lgirepository-1.0 -lffi -lwebkit-1.0 -lgtk-x11-2.0 -lsoup-2.4 -lgdk-x11-2.0 -latk-1.0 -lpangoft2-1.0 -lgdk_pixbuf-2.0 -lpangocairo-1.0 -lcairo -lpango-1.0 -lfreetype -lfontconfig -lgio-2.0 -lgobject-2.0 -lgmodule-2.0 -lgthread-2.0 -lrt -lglib-2.0  '
SET_MAKE=''
SHELL='/bin/sh'
STRIP='strip'
USE_NLS='yes'
VERSION='0.1'
XGETTEXT='/usr/bin/xgettext'
ac_ct_CC='gcc'
ac_ct_DUMPBIN=''
am__EXEEXT_FALSE=''
am__EXEEXT_TRUE='#'
am__fastdepCC_FALSE='#'
am__fastdepCC_TRUE=''
am__include='include'
am__isrc=' -I$(srcdir)'
am__leading_dot='.'
am__quote=''
am__tar='${AMTAR} chof - "$$tardir"'
am__untar='${AMTAR} xf -'
bindir='${exec_prefix}/bin'
build='x86_64-unknown-linux-gnu'
build_alias=''
build_cpu='x86_64'
build_os='linux-gnu'
build_vendor='unknown'
datadir='${datarootdir}'
datarootdir='${prefix}/share'
docdir='${datarootdir}/doc/${PACKAGE_TARNAME}'
dvidir='${docdir}'
exec_prefix='${prefix}'
host='x86_64-unknown-linux-gnu'
host_alias=''
host_cpu='x86_64'
host_os='linux-gnu'
host_vendor='unknown'
htmldir='${docdir}'
includedir='${prefix}/include'
infodir='${datarootdir}/info'
install_sh='${SHELL} /home/alex/code/seedkit/install-sh'
libdir='${exec_prefix}/lib'
libexecdir='${exec_prefix}/libexec'
localedir='${datarootdir}/locale'
localstatedir='${prefix}/var'
lt_ECHO='echo'
mandir='${datarootdir}/man'
mkdir_p='/bin/mkdir -p'
oldincludedir='/usr/include'
pdfdir='${docdir}'
prefix='/usr/local'
program_transform_name='s,x,x,'
psdir='${docdir}'
sbindir='${exec_prefix}/sbin'
sharedstatedir='${prefix}/com'
sysconfdir='${prefix}/etc'
target_alias=''

## ----------- ##
## confdefs.h. ##
## ----------- ##

/* confdefs.h */
#define PACKAGE_NAME "seedkit"
#define PACKAGE_TARNAME "seedkit"
#define PACKAGE_VERSION "0.1"
#define PACKAGE_STRING "seedkit 0.1"
#define PACKAGE_BUGREPORT ""
#define PACKAGE_URL ""
#define PACKAGE "seedkit"
#define VERSION "0.1"
#define STDC_HEADERS 1
#define GETTEXT_PACKAGE "seedkit"
#define HAVE_SYS_TYPES_H 1
#define HAVE_SYS_STAT_H 1
#define HAVE_STDLIB_H 1
#define HAVE_STRING_H 1
#define HAVE_MEMORY_H 1
#define HAVE_STRINGS_H 1
#define HAVE_INTTYPES_H 1
#define HAVE_STDINT_H 1
#define HAVE_UNISTD_H 1
#define HAVE_LOCALE_H 1
#define HAVE_LC_MESSAGES 1
#define HAVE_BIND_TEXTDOMAIN_CODESET 1
#define HAVE_GETTEXT 1
#define HAVE_DCGETTEXT 1
#define ENABLE_NLS 1
#define HAVE_DLFCN_H 1
#define LT_OBJDIR ".libs/"

configure: exit 0
