This file contains any messages produced by compilers while
running configure, to aid debugging if configure makes a mistake.

It was created by seedkit configure 0.1, which was
generated by GNU Autoconf 2.65.  Invocation command line was

  $ ./configure --enable-maintainer-mode --prefix=/usr --libdir=/usr/lib64 --no-create --no-recursion

## --------- ##
## Platform. ##
## --------- ##

hostname = localhost.localdomain
uname -m = x86_64
uname -r = 2.6.34-20.fc14.x86_64
uname -s = Linux
uname -v = #1 SMP Wed Jun 2 12:36:51 UTC 2010

/usr/bin/uname -p = unknown
/bin/uname -X     = unknown

/bin/arch              = x86_64
/usr/bin/arch -k       = unknown
/usr/convex/getsysinfo = unknown
/usr/bin/hostinfo      = unknown
/bin/machine           = unknown
/usr/bin/oslevel       = unknown
/bin/universe          = unknown

PATH: /usr/bin
PATH: /usr/kerberos/sbin
PATH: /usr/kerberos/bin
PATH: /usr/lib64/ccache
PATH: /usr/local/bin
PATH: /usr/bin
PATH: /bin
PATH: /usr/local/sbin
PATH: /usr/sbin
PATH: /sbin
PATH: /home/alex/bin
PATH: /home/alex/.gem/ruby/1.8/bin


## ----------- ##
## Core tests. ##
## ----------- ##

configure:2470: checking for a BSD-compatible install
configure:2538: result: /usr/bin/install -c
configure:2549: checking whether build environment is sane
configure:2599: result: yes
configure:2740: checking for a thread-safe mkdir -p
configure:2779: result: /bin/mkdir -p
configure:2792: checking for gawk
configure:2808: found /usr/bin/gawk
configure:2819: result: gawk
configure:2830: checking whether make sets $(MAKE)
configure:2852: result: yes
configure:2933: checking whether to disable maintainer-specific portions of Makefiles
configure:2942: result: yes
configure:3020: checking for gcc
configure:3036: found /usr/bin/gcc
configure:3047: result: gcc
configure:3276: checking for C compiler version
configure:3285: gcc --version >&5
gcc (GCC) 4.4.4 20100611 (Red Hat 4.4.4-8)
Copyright (C) 2010 Free Software Foundation, Inc.
This is free software; see the source for copying conditions.  There is NO
warranty; not even for MERCHANTABILITY or FITNESS FOR A PARTICULAR PURPOSE.

configure:3296: $? = 0
configure:3285: gcc -v >&5
Using built-in specs.
Target: x86_64-redhat-linux
Configured with: ../configure --prefix=/usr --mandir=/usr/share/man --infodir=/usr/share/info --with-bugurl=http://bugzilla.redhat.com/bugzilla --enable-bootstrap --enable-shared --enable-threads=posix --enable-checking=release --with-system-zlib --enable-__cxa_atexit --disable-libunwind-exceptions --enable-gnu-unique-object --enable-languages=c,c++,objc,obj-c++,java,fortran,ada --enable-java-awt=gtk --disable-dssi --with-java-home=/usr/lib/jvm/java-1.5.0-gcj-1.5.0.0/jre --enable-libgcj-multifile --enable-java-maintainer-mode --with-ecj-jar=/usr/share/java/eclipse-ecj.jar --disable-libjava-multilib --with-ppl --with-cloog --with-tune=generic --with-arch_32=i686 --build=x86_64-redhat-linux
Thread model: posix
gcc version 4.4.4 20100611 (Red Hat 4.4.4-8) (GCC) 
configure:3296: $? = 0
configure:3285: gcc -V >&5
gcc: '-V' option must have argument
configure:3296: $? = 1
configure:3285: gcc -qversion >&5
gcc: unrecognized option '-qversion'
gcc: no input files
configure:3296: $? = 1
configure:3316: checking whether the C compiler works
configure:3338: gcc    conftest.c  >&5
configure:3342: $? = 0
configure:3391: result: yes
configure:3394: checking for C compiler default output file name
configure:3396: result: a.out
configure:3402: checking for suffix of executables
configure:3409: gcc -o conftest    conftest.c  >&5
configure:3413: $? = 0
configure:3435: result: 
configure:3457: checking whether we are cross compiling
configure:3465: gcc -o conftest    conftest.c  >&5
configure:3469: $? = 0
configure:3476: ./conftest
configure:3480: $? = 0
configure:3495: result: no
configure:3500: checking for suffix of object files
configure:3522: gcc -c   conftest.c >&5
configure:3526: $? = 0
configure:3547: result: o
configure:3551: checking whether we are using the GNU C compiler
configure:3570: gcc -c   conftest.c >&5
configure:3570: $? = 0
configure:3579: result: yes
configure:3588: checking whether gcc accepts -g
configure:3608: gcc -c -g  conftest.c >&5
configure:3608: $? = 0
configure:3649: result: yes
configure:3666: checking for gcc option to accept ISO C89
configure:3730: gcc  -c -g -O2  conftest.c >&5
configure:3730: $? = 0
configure:3743: result: none needed
configure:3774: checking for style of include used by make
configure:3802: result: GNU
configure:3827: checking dependency style of gcc
configure:3937: result: gcc3
configure:3955: checking for valac
configure:3973: found /usr/bin/valac
configure:3985: result: /usr/bin/valac
configure:3998: checking /usr/bin/valac is at least version 0.7.0
configure:4006: result: yes
configure:4053: checking build system type
configure:4067: result: x86_64-unknown-linux-gnu
configure:4087: checking host system type
configure:4100: result: x86_64-unknown-linux-gnu
configure:4120: checking for a sed that does not truncate output
configure:4184: result: /bin/sed
configure:4202: checking for grep that handles long lines and -e
configure:4260: result: /bin/grep
configure:4265: checking for egrep
configure:4327: result: /bin/grep -E
configure:4332: checking for fgrep
configure:4394: result: /bin/grep -F
configure:4429: checking for ld used by gcc
configure:4496: result: /usr/bin/ld
configure:4503: checking if the linker (/usr/bin/ld) is GNU ld
configure:4518: result: yes
configure:4530: checking for BSD- or MS-compatible name lister (nm)
configure:4579: result: /usr/bin/nm -B
configure:4697: checking the name lister (/usr/bin/nm -B) interface
configure:4704: gcc -c -g -O2  conftest.c >&5
configure:4707: /usr/bin/nm -B "conftest.o"
configure:4710: output
0000000000000000 B some_variable
configure:4717: result: BSD nm
configure:4720: checking whether ln -s works
configure:4724: result: yes
configure:4732: checking the maximum length of command line arguments
configure:4852: result: 1966080
configure:4869: checking whether the shell understands some XSI constructs
configure:4879: result: yes
configure:4883: checking whether the shell understands "+="
configure:4889: result: yes
configure:4924: checking for /usr/bin/ld option to reload object files
configure:4931: result: -r
configure:5000: checking for objdump
configure:5016: found /usr/bin/objdump
configure:5027: result: objdump
configure:5059: checking how to recognize dependent libraries
configure:5255: result: pass_all
configure:5315: checking for ar
configure:5331: found /usr/bin/ar
configure:5342: result: ar
configure:5420: checking for strip
configure:5436: found /usr/bin/strip
configure:5447: result: strip
configure:5519: checking for ranlib
configure:5535: found /usr/bin/ranlib
configure:5546: result: ranlib
configure:5636: checking command to parse /usr/bin/nm -B output from gcc object
configure:5754: gcc -c -g -O2  conftest.c >&5
configure:5757: $? = 0
configure:5761: /usr/bin/nm -B conftest.o \| sed -n -e 's/^.*[	 ]\([ABCDGIRSTW][ABCDGIRSTW]*\)[	 ][	 ]*\([_A-Za-z][_A-Za-z0-9]*\)$/\1 \2 \2/p' \> conftest.nm
configure:5764: $? = 0
configure:5818: gcc -o conftest -g -O2   conftest.c conftstm.o >&5
configure:5821: $? = 0
configure:5859: result: ok
configure:5955: gcc -c -g -O2  conftest.c >&5
configure:5958: $? = 0
configure:6668: checking how to run the C preprocessor
configure:6699: gcc -E  conftest.c
configure:6699: $? = 0
configure:6713: gcc -E  conftest.c
conftest.c:11:28: error: ac_nonexistent.h: No such file or directory
configure:6713: $? = 1
configure: failed program was:
| /* confdefs.h */
| #define PACKAGE_NAME "seedkit"
| #define PACKAGE_TARNAME "seedkit"
| #define PACKAGE_VERSION "0.1"
| #define PACKAGE_STRING "seedkit 0.1"
| #define PACKAGE_BUGREPORT ""
| #define PACKAGE_URL ""
| #define PACKAGE "seedkit"
| #define VERSION "0.1"
| /* end confdefs.h.  */
| #include <ac_nonexistent.h>
configure:6738: result: gcc -E
configure:6758: gcc -E  conftest.c
configure:6758: $? = 0
configure:6772: gcc -E  conftest.c
conftest.c:11:28: error: ac_nonexistent.h: No such file or directory
configure:6772: $? = 1
configure: failed program was:
| /* confdefs.h */
| #define PACKAGE_NAME "seedkit"
| #define PACKAGE_TARNAME "seedkit"
| #define PACKAGE_VERSION "0.1"
| #define PACKAGE_STRING "seedkit 0.1"
| #define PACKAGE_BUGREPORT ""
| #define PACKAGE_URL ""
| #define PACKAGE "seedkit"
| #define VERSION "0.1"
| /* end confdefs.h.  */
| #include <ac_nonexistent.h>
configure:6801: checking for ANSI C header files
configure:6821: gcc -c -g -O2  conftest.c >&5
configure:6821: $? = 0
configure:6894: gcc -o conftest -g -O2   conftest.c  >&5
configure:6894: $? = 0
configure:6894: ./conftest
configure:6894: $? = 0
configure:6905: result: yes
configure:6918: checking for sys/types.h
configure:6918: gcc -c -g -O2  conftest.c >&5
configure:6918: $? = 0
configure:6918: result: yes
configure:6918: checking for sys/stat.h
configure:6918: gcc -c -g -O2  conftest.c >&5
configure:6918: $? = 0
configure:6918: result: yes
configure:6918: checking for stdlib.h
configure:6918: gcc -c -g -O2  conftest.c >&5
configure:6918: $? = 0
configure:6918: result: yes
configure:6918: checking for string.h
configure:6918: gcc -c -g -O2  conftest.c >&5
configure:6918: $? = 0
configure:6918: result: yes
configure:6918: checking for memory.h
configure:6918: gcc -c -g -O2  conftest.c >&5
configure:6918: $? = 0
configure:6918: result: yes
configure:6918: checking for strings.h
configure:6918: gcc -c -g -O2  conftest.c >&5
configure:6918: $? = 0
configure:6918: result: yes
configure:6918: checking for inttypes.h
configure:6918: gcc -c -g -O2  conftest.c >&5
configure:6918: $? = 0
configure:6918: result: yes
configure:6918: checking for stdint.h
configure:6918: gcc -c -g -O2  conftest.c >&5
configure:6918: $? = 0
configure:6918: result: yes
configure:6918: checking for unistd.h
configure:6918: gcc -c -g -O2  conftest.c >&5
configure:6918: $? = 0
configure:6918: result: yes
configure:6933: checking for dlfcn.h
configure:6933: gcc -c -g -O2  conftest.c >&5
configure:6933: $? = 0
configure:6933: result: yes
configure:7117: checking for objdir
configure:7132: result: .libs
configure:7424: checking if gcc supports -fno-rtti -fno-exceptions
configure:7442: gcc -c -g -O2  -fno-rtti -fno-exceptions conftest.c >&5
cc1: warning: command line option "-fno-rtti" is valid for C++/ObjC++ but not for C
configure:7446: $? = 0
configure:7459: result: no
configure:7479: checking for gcc option to produce PIC
configure:7751: result: -fPIC -DPIC
configure:7763: checking if gcc PIC flag -fPIC -DPIC works
configure:7781: gcc -c -g -O2  -fPIC -DPIC -DPIC conftest.c >&5
configure:7785: $? = 0
configure:7798: result: yes
configure:7822: checking if gcc static flag -static works
configure:7850: result: no
configure:7865: checking if gcc supports -c -o file.o
configure:7886: gcc -c -g -O2  -o out/conftest2.o conftest.c >&5
configure:7890: $? = 0
configure:7912: result: yes
configure:7920: checking if gcc supports -c -o file.o
configure:7967: result: yes
configure:8000: checking whether the gcc linker (/usr/bin/ld -m elf_x86_64) supports shared libraries
configure:8986: result: yes
configure:9023: checking whether -lc should be explicitly linked in
configure:9028: gcc -c -g -O2  conftest.c >&5
configure:9031: $? = 0
configure:9046: gcc -shared conftest.o  -v -Wl,-soname -Wl,conftest -o conftest 2\>\&1 \| /bin/grep  -lc  \>/dev/null 2\>\&1
configure:9049: $? = 0
configure:9061: result: no
configure:9225: checking dynamic linker characteristics
configure:9658: gcc -o conftest -g -O2   -Wl,-rpath -Wl,/foo conftest.c  >&5
configure:9658: $? = 0
configure:9879: result: GNU/Linux ld.so
configure:9981: checking how to hardcode library paths into programs
configure:10006: result: immediate
configure:10526: checking whether stripping libraries is possible
configure:10531: result: yes
configure:10566: checking if libtool supports shared libraries
configure:10568: result: yes
configure:10571: checking whether to build shared libraries
configure:10592: result: yes
configure:10595: checking whether to build static libraries
configure:10599: result: yes
configure:10690: checking for pkg-config
configure:10708: found /usr/bin/pkg-config
configure:10720: result: /usr/bin/pkg-config
configure:10745: checking pkg-config is at least version 0.9.0
configure:10748: result: yes
configure:10759: checking for SEEDKIT
configure:10770: $PKG_CONFIG --exists --print-errors "
        gtk+-2.0    >= $GTK_REQUIRED
        seed        >= $SEED_REQUIRED
        webkit-1.0  >= $WEBKIT_REQUIRED
"
configure:10777: $? = 0
configure:10798: $PKG_CONFIG --exists --print-errors "
        gtk+-2.0    >= $GTK_REQUIRED
        seed        >= $SEED_REQUIRED
        webkit-1.0  >= $WEBKIT_REQUIRED
"
configure:10805: $? = 0
configure:10875: result: yes
configure:10882: checking whether NLS is requested
configure:10891: result: yes
configure:10906: checking for intltool >= 0.41.0
configure:10913: result: 0.41.1 found
configure:10921: checking for intltool-update
configure:10939: found /usr/bin/intltool-update
configure:10951: result: /usr/bin/intltool-update
configure:10961: checking for intltool-merge
configure:10979: found /usr/bin/intltool-merge
configure:10991: result: /usr/bin/intltool-merge
configure:11001: checking for intltool-extract
configure:11019: found /usr/bin/intltool-extract
configure:11031: result: /usr/bin/intltool-extract
configure:11162: checking for xgettext
configure:11180: found /usr/bin/xgettext
configure:11192: result: /usr/bin/xgettext
configure:11202: checking for msgmerge
configure:11220: found /usr/bin/msgmerge
configure:11232: result: /usr/bin/msgmerge
configure:11242: checking for msgfmt
configure:11260: found /usr/bin/msgfmt
configure:11272: result: /usr/bin/msgfmt
configure:11282: checking for gmsgfmt
configure:11313: result: /usr/bin/msgfmt
configure:11333: checking for perl
configure:11351: found /usr/bin/perl
configure:11363: result: /usr/bin/perl
configure:11374: checking for perl >= 5.8.1
configure:11381: result: 5.10.1
configure:11385: checking for XML::Parser
configure:11388: result: ok
configure:11413: gcc -o conftest -g -O2   conftest.c  >&5
configure:11413: $? = 0
configure:11450: checking locale.h usability
configure:11450: gcc -c -g -O2  conftest.c >&5
configure:11450: $? = 0
configure:11450: result: yes
configure:11450: checking locale.h presence
configure:11450: gcc -E  conftest.c
configure:11450: $? = 0
configure:11450: result: yes
configure:11450: checking for locale.h
configure:11450: result: yes
configure:11461: checking for LC_MESSAGES
configure:11477: gcc -o conftest -g -O2   conftest.c  >&5
configure:11477: $? = 0
configure:11485: result: yes
configure:11502: checking libintl.h usability
configure:11502: gcc -c -g -O2  conftest.c >&5
configure:11502: $? = 0
configure:11502: result: yes
configure:11502: checking libintl.h presence
configure:11502: gcc -E  conftest.c
configure:11502: $? = 0
configure:11502: result: yes
configure:11502: checking for libintl.h
configure:11502: result: yes
configure:11510: checking for ngettext in libc
configure:11528: gcc -o conftest -g -O2   conftest.c  >&5
configure:11528: $? = 0
configure:11537: result: yes
configure:11541: checking for dgettext in libc
configure:11559: gcc -o conftest -g -O2   conftest.c  >&5
configure:11559: $? = 0
configure:11568: result: yes
configure:11575: checking for bind_textdomain_codeset
configure:11575: gcc -o conftest -g -O2   conftest.c  >&5
configure:11575: $? = 0
configure:11575: result: yes
configure:11851: checking for msgfmt
configure:11878: result: /usr/bin/msgfmt
configure:11889: checking for dcgettext
configure:11889: gcc -o conftest -g -O2   conftest.c   >&5
conftest.c:51: warning: conflicting types for built-in function 'dcgettext'
configure:11889: $? = 0
configure:11889: result: yes
configure:11899: checking if msgfmt accepts -c
configure:11914: $MSGFMT -c -o /dev/null conftest.foo
configure:11917: $? = 0
configure:11919: result: yes
configure:11929: checking for gmsgfmt
configure:11960: result: /usr/bin/msgfmt
configure:11970: checking for xgettext
configure:11997: result: /usr/bin/xgettext
configure:12016: gcc -o conftest -g -O2   conftest.c   >&5
configure:12016: $? = 0
configure:12169: checking gtk-doc version >= 1.0
configure:12172: result: yes
configure:12336: creating ./config.status

## ---------------- ##
## Cache variables. ##
## ---------------- ##

ac_cv_build=x86_64-unknown-linux-gnu
ac_cv_c_compiler_gnu=yes
ac_cv_env_CC_set=
ac_cv_env_CC_value=
ac_cv_env_CFLAGS_set=
ac_cv_env_CFLAGS_value=
ac_cv_env_CPPFLAGS_set=
ac_cv_env_CPPFLAGS_value=
ac_cv_env_CPP_set=
ac_cv_env_CPP_value=
ac_cv_env_LDFLAGS_set=
ac_cv_env_LDFLAGS_value=
ac_cv_env_LIBS_set=
ac_cv_env_LIBS_value=
ac_cv_env_PKG_CONFIG_set=
ac_cv_env_PKG_CONFIG_value=
ac_cv_env_SEEDKIT_CFLAGS_set=
ac_cv_env_SEEDKIT_CFLAGS_value=
ac_cv_env_SEEDKIT_LIBS_set=
ac_cv_env_SEEDKIT_LIBS_value=
ac_cv_env_build_alias_set=
ac_cv_env_build_alias_value=
ac_cv_env_host_alias_set=
ac_cv_env_host_alias_value=
ac_cv_env_target_alias_set=
ac_cv_env_target_alias_value=
ac_cv_func_bind_textdomain_codeset=yes
ac_cv_func_dcgettext=yes
ac_cv_header_dlfcn_h=yes
ac_cv_header_inttypes_h=yes
ac_cv_header_libintl_h=yes
ac_cv_header_locale_h=yes
ac_cv_header_memory_h=yes
ac_cv_header_stdc=yes
ac_cv_header_stdint_h=yes
ac_cv_header_stdlib_h=yes
ac_cv_header_string_h=yes
ac_cv_header_strings_h=yes
ac_cv_header_sys_stat_h=yes
ac_cv_header_sys_types_h=yes
ac_cv_header_unistd_h=yes
ac_cv_host=x86_64-unknown-linux-gnu
ac_cv_objext=o
ac_cv_path_EGREP='/bin/grep -E'
ac_cv_path_FGREP='/bin/grep -F'
ac_cv_path_GMSGFMT=/usr/bin/msgfmt
ac_cv_path_GREP=/bin/grep
ac_cv_path_INTLTOOL_EXTRACT=/usr/bin/intltool-extract
ac_cv_path_INTLTOOL_MERGE=/usr/bin/intltool-merge
ac_cv_path_INTLTOOL_PERL=/usr/bin/perl
ac_cv_path_INTLTOOL_UPDATE=/usr/bin/intltool-update
ac_cv_path_MSGFMT=/usr/bin/msgfmt
ac_cv_path_MSGMERGE=/usr/bin/msgmerge
ac_cv_path_SED=/bin/sed
ac_cv_path_VALAC=/usr/bin/valac
ac_cv_path_XGETTEXT=/usr/bin/xgettext
ac_cv_path_ac_pt_PKG_CONFIG=/usr/bin/pkg-config
ac_cv_path_install='/usr/bin/install -c'
ac_cv_path_mkdir=/bin/mkdir
ac_cv_prog_AWK=gawk
ac_cv_prog_CPP='gcc -E'
ac_cv_prog_ac_ct_AR=ar
ac_cv_prog_ac_ct_CC=gcc
ac_cv_prog_ac_ct_OBJDUMP=objdump
ac_cv_prog_ac_ct_RANLIB=ranlib
ac_cv_prog_ac_ct_STRIP=strip
ac_cv_prog_cc_c89=
ac_cv_prog_cc_g=yes
ac_cv_prog_make_make_set=yes
am_cv_CC_dependencies_compiler_type=gcc3
am_cv_val_LC_MESSAGES=yes
gt_cv_func_dgettext_libc=yes
gt_cv_func_dgettext_libintl=no
gt_cv_func_ngettext_libc=yes
gt_cv_have_gettext=yes
lt_cv_deplibs_check_method=pass_all
lt_cv_file_magic_cmd='$MAGIC_CMD'
lt_cv_file_magic_test_file=
lt_cv_ld_reload_flag=-r
lt_cv_nm_interface='BSD nm'
lt_cv_objdir=.libs
lt_cv_path_LD=/usr/bin/ld
lt_cv_path_NM='/usr/bin/nm -B'
lt_cv_prog_compiler_c_o=yes
lt_cv_prog_compiler_pic_works=yes
lt_cv_prog_compiler_rtti_exceptions=no
lt_cv_prog_compiler_static_works=no
lt_cv_prog_gnu_ld=yes
lt_cv_sys_global_symbol_pipe='sed -n -e '\''s/^.*[	 ]\([ABCDGIRSTW][ABCDGIRSTW]*\)[	 ][	 ]*\([_A-Za-z][_A-Za-z0-9]*\)$/\1 \2 \2/p'\'''
lt_cv_sys_global_symbol_to_c_name_address='sed -n -e '\''s/^: \([^ ]*\) $/  {\"\1\", (void *) 0},/p'\'' -e '\''s/^[ABCDGIRSTW]* \([^ ]*\) \([^ ]*\)$/  {"\2", (void *) \&\2},/p'\'''
lt_cv_sys_global_symbol_to_c_name_address_lib_prefix='sed -n -e '\''s/^: \([^ ]*\) $/  {\"\1\", (void *) 0},/p'\'' -e '\''s/^[ABCDGIRSTW]* \([^ ]*\) \(lib[^ ]*\)$/  {"\2", (void *) \&\2},/p'\'' -e '\''s/^[ABCDGIRSTW]* \([^ ]*\) \([^ ]*\)$/  {"lib\2", (void *) \&\2},/p'\'''
lt_cv_sys_global_symbol_to_cdecl='sed -n -e '\''s/^T .* \(.*\)$/extern int \1();/p'\'' -e '\''s/^[ABCDGIRSTW]* .* \(.*\)$/extern char \1;/p'\'''
lt_cv_sys_max_cmd_len=1966080
pkg_cv_SEEDKIT_CFLAGS='-pthread -I/usr/include/gtk-2.0 -I/usr/lib64/gtk-2.0/include -I/usr/include/atk-1.0 -I/usr/include/cairo -I/usr/include/pango-1.0 -I/usr/include/glib-2.0 -I/usr/lib64/glib-2.0/include -I/usr/include/pixman-1 -I/usr/include/freetype2 -I/usr/include/libpng12 -I/usr/include/seed -I/usr/include/webkit-1.0 -I/usr/include/gobject-introspection-1.0 -I/usr/include/libsoup-2.4 -I/usr/include/libxml2 -I/usr/lib64/libffi-3.0.9/include  '
pkg_cv_SEEDKIT_LIBS='-pthread -Wl,--export-dynamic -lseed -lgirepository-1.0 -lffi -lwebkit-1.0 -lgtk-x11-2.0 -lsoup-2.4 -lgdk-x11-2.0 -latk-1.0 -lpangoft2-1.0 -lgdk_pixbuf-2.0 -lpangocairo-1.0 -lcairo -lpango-1.0 -lfreetype -lfontconfig -lgio-2.0 -lgobject-2.0 -lgmodule-2.0 -lgthread-2.0 -lrt -lglib-2.0  '

## ----------------- ##
## Output variables. ##
## ----------------- ##

ACLOCAL='${SHELL} /home/alex/code/seedkit/missing --run aclocal-1.11'
ALL_LINGUAS=''
AMDEPBACKSLASH='\'
AMDEP_FALSE='#'
AMDEP_TRUE=''
AMTAR='${SHELL} /home/alex/code/seedkit/missing --run tar'
AM_BACKSLASH='\'
AM_DEFAULT_VERBOSITY='0'
AR='ar'
AUTOCONF='${SHELL} /home/alex/code/seedkit/missing --run autoconf'
AUTOHEADER='${SHELL} /home/alex/code/seedkit/missing --run autoheader'
AUTOMAKE='${SHELL} /home/alex/code/seedkit/missing --run automake-1.11'
AWK='gawk'
CATALOGS=''
CATOBJEXT='.gmo'
CC='gcc'
CCDEPMODE='depmode=gcc3'
CFLAGS='-g -O2'
CPP='gcc -E'
CPPFLAGS=''
CYGPATH_W='echo'
DATADIRNAME='share'
DEFS='-DHAVE_CONFIG_H'
DEPDIR='.deps'
DSYMUTIL=''
DUMPBIN=''
ECHO_C=''
ECHO_N='-n'
ECHO_T=''
EGREP='/bin/grep -E'
ENABLE_GTK_DOC_FALSE='#'
ENABLE_GTK_DOC_TRUE=''
EXEEXT=''
FGREP='/bin/grep -F'
GETTEXT_PACKAGE='seedkit'
GMOFILES=''
GMSGFMT='/usr/bin/msgfmt'
GREP='/bin/grep'
HTML_DIR='${datadir}/gtk-doc/html'
INSTALL_DATA='${INSTALL} -m 644'
INSTALL_PROGRAM='${INSTALL}'
INSTALL_SCRIPT='${INSTALL}'
INSTALL_STRIP_PROGRAM='$(install_sh) -c -s'
INSTOBJEXT='.mo'
INTLLIBS=''
INTLTOOL_CAVES_RULE='%.caves:     %.caves.in     $(INTLTOOL_MERGE) $(wildcard $(top_srcdir)/po/*.po) ; LC_ALL=C $(INTLTOOL_MERGE) -d -u -c $(top_builddir)/po/.intltool-merge-cache $(top_srcdir)/po $< $@'
INTLTOOL_DESKTOP_RULE='%.desktop:   %.desktop.in   $(INTLTOOL_MERGE) $(wildcard $(top_srcdir)/po/*.po) ; LC_ALL=C $(INTLTOOL_MERGE) -d -u -c $(top_builddir)/po/.intltool-merge-cache $(top_srcdir)/po $< $@'
INTLTOOL_DIRECTORY_RULE='%.directory: %.directory.in $(INTLTOOL_MERGE) $(wildcard $(top_srcdir)/po/*.po) ; LC_ALL=C $(INTLTOOL_MERGE) -d -u -c $(top_builddir)/po/.intltool-merge-cache $(top_srcdir)/po $< $@'
INTLTOOL_EXTRACT='/usr/bin/intltool-extract'
INTLTOOL_KBD_RULE='%.kbd:       %.kbd.in       $(INTLTOOL_MERGE) $(wildcard $(top_srcdir)/po/*.po) ; LC_ALL=C $(INTLTOOL_MERGE) -x -u -m -c $(top_builddir)/po/.intltool-merge-cache $(top_srcdir)/po $< $@'
INTLTOOL_KEYS_RULE='%.keys:      %.keys.in      $(INTLTOOL_MERGE) $(wildcard $(top_srcdir)/po/*.po) ; LC_ALL=C $(INTLTOOL_MERGE) -k -u -c $(top_builddir)/po/.intltool-merge-cache $(top_srcdir)/po $< $@'
INTLTOOL_MERGE='/usr/bin/intltool-merge'
INTLTOOL_OAF_RULE='%.oaf:       %.oaf.in       $(INTLTOOL_MERGE) $(wildcard $(top_srcdir)/po/*.po) ; LC_ALL=C $(INTLTOOL_MERGE) -o -p $(top_srcdir)/po $< $@'
INTLTOOL_PERL='/usr/bin/perl'
INTLTOOL_POLICY_RULE='%.policy:    %.policy.in    $(INTLTOOL_MERGE) $(wildcard $(top_srcdir)/po/*.po) ; LC_ALL=C $(INTLTOOL_MERGE) -x -u -c $(top_builddir)/po/.intltool-merge-cache $(top_srcdir)/po $< $@'
INTLTOOL_PONG_RULE='%.pong:      %.pong.in      $(INTLTOOL_MERGE) $(wildcard $(top_srcdir)/po/*.po) ; LC_ALL=C $(INTLTOOL_MERGE) -x -u -c $(top_builddir)/po/.intltool-merge-cache $(top_srcdir)/po $< $@'
INTLTOOL_PROP_RULE='%.prop:      %.prop.in      $(INTLTOOL_MERGE) $(wildcard $(top_srcdir)/po/*.po) ; LC_ALL=C $(INTLTOOL_MERGE) -d -u -c $(top_builddir)/po/.intltool-merge-cache $(top_srcdir)/po $< $@'
INTLTOOL_SCHEMAS_RULE='%.schemas:   %.schemas.in   $(INTLTOOL_MERGE) $(wildcard $(top_srcdir)/po/*.po) ; LC_ALL=C $(INTLTOOL_MERGE) -s -u -c $(top_builddir)/po/.intltool-merge-cache $(top_srcdir)/po $< $@'
INTLTOOL_SERVER_RULE='%.server:    %.server.in    $(INTLTOOL_MERGE) $(wildcard $(top_srcdir)/po/*.po) ; LC_ALL=C $(INTLTOOL_MERGE) -o -u -c $(top_builddir)/po/.intltool-merge-cache $(top_srcdir)/po $< $@'
INTLTOOL_SERVICE_RULE='%.service: %.service.in   $(INTLTOOL_MERGE) $(wildcard $(top_srcdir)/po/*.po) ; LC_ALL=C $(INTLTOOL_MERGE) -d -u -c $(top_builddir)/po/.intltool-merge-cache $(top_srcdir)/po $< $@'
INTLTOOL_SHEET_RULE='%.sheet:     %.sheet.in     $(INTLTOOL_MERGE) $(wildcard $(top_srcdir)/po/*.po) ; LC_ALL=C $(INTLTOOL_MERGE) -x -u -c $(top_builddir)/po/.intltool-merge-cache $(top_srcdir)/po $< $@'
INTLTOOL_SOUNDLIST_RULE='%.soundlist: %.soundlist.in $(INTLTOOL_MERGE) $(wildcard $(top_srcdir)/po/*.po) ; LC_ALL=C $(INTLTOOL_MERGE) -d -u -c $(top_builddir)/po/.intltool-merge-cache $(top_srcdir)/po $< $@'
INTLTOOL_THEME_RULE='%.theme:     %.theme.in     $(INTLTOOL_MERGE) $(wildcard $(top_srcdir)/po/*.po) ; LC_ALL=C $(INTLTOOL_MERGE) -d -u -c $(top_builddir)/po/.intltool-merge-cache $(top_srcdir)/po $< $@'
INTLTOOL_UI_RULE='%.ui:        %.ui.in        $(INTLTOOL_MERGE) $(wildcard $(top_srcdir)/po/*.po) ; LC_ALL=C $(INTLTOOL_MERGE) -x -u -c $(top_builddir)/po/.intltool-merge-cache $(top_srcdir)/po $< $@'
INTLTOOL_UPDATE='/usr/bin/intltool-update'
INTLTOOL_XAM_RULE='%.xam:       %.xml.in       $(INTLTOOL_MERGE) $(wildcard $(top_srcdir)/po/*.po) ; LC_ALL=C $(INTLTOOL_MERGE) -x -u -c $(top_builddir)/po/.intltool-merge-cache $(top_srcdir)/po $< $@'
INTLTOOL_XML_NOMERGE_RULE='%.xml:       %.xml.in       $(INTLTOOL_MERGE) ; LC_ALL=C $(INTLTOOL_MERGE) -x -u /tmp $< $@'
INTLTOOL_XML_RULE='%.xml:       %.xml.in       $(INTLTOOL_MERGE) $(wildcard $(top_srcdir)/po/*.po) ; LC_ALL=C $(INTLTOOL_MERGE) -x -u -c $(top_builddir)/po/.intltool-merge-cache $(top_srcdir)/po $< $@'
LD='/usr/bin/ld -m elf_x86_64'
LDFLAGS=''
LIBOBJS=''
LIBS=''
LIBTOOL='$(SHELL) $(top_builddir)/libtool'
LIPO=''
LN_S='ln -s'
LTLIBOBJS=''
MAINT=''
MAINTAINER_MODE_FALSE='#'
MAINTAINER_MODE_TRUE=''
MAKEINFO='${SHELL} /home/alex/code/seedkit/missing --run makeinfo'
MKDIR_P='/bin/mkdir -p'
MKINSTALLDIRS='./mkinstalldirs'
MSGFMT='/usr/bin/msgfmt'
MSGFMT_OPTS='-c'
MSGMERGE='/usr/bin/msgmerge'
NM='/usr/bin/nm -B'
NMEDIT=''
OBJDUMP='objdump'
OBJEXT='o'
OTOOL64=''
OTOOL=''
PACKAGE='seedkit'
PACKAGE_BUGREPORT=''
PACKAGE_NAME='seedkit'
PACKAGE_STRING='seedkit 0.1'
PACKAGE_TARNAME='seedkit'
PACKAGE_URL=''
PACKAGE_VERSION='0.1'
PATH_SEPARATOR=':'
PKG_CONFIG='/usr/bin/pkg-config'
POFILES=''
POSUB='po'
PO_IN_DATADIR_FALSE=''
PO_IN_DATADIR_TRUE=''
RANLIB='ranlib'
SED='/bin/sed'
SEEDKIT_CFLAGS='-pthread -I/usr/include/gtk-2.0 -I/usr/lib64/gtk-2.0/include -I/usr/include/atk-1.0 -I/usr/include/cairo -I/usr/include/pango-1.0 -I/usr/include/glib-2.0 -I/usr/lib64/glib-2.0/include -I/usr/include/pixman-1 -I/usr/include/freetype2 -I/usr/include/libpng12 -I/usr/include/seed -I/usr/include/webkit-1.0 -I/usr/include/gobject-introspection-1.0 -I/usr/include/libsoup-2.4 -I/usr/include/libxml2 -I/usr/lib64/libffi-3.0.9/include  '
SEEDKIT_LIBS='-pthread -Wl,--export-dynamic -lseed -lgirepository-1.0 -lffi -lwebkit-1.0 -lgtk-x11-2.0 -lsoup-2.4 -lgdk-x11-2.0 -latk-1.0 -lpangoft2-1.0 -lgdk_pixbuf-2.0 -lpangocairo-1.0 -lcairo -lpango-1.0 -lfreetype -lfontconfig -lgio-2.0 -lgobject-2.0 -lgmodule-2.0 -lgthread-2.0 -lrt -lglib-2.0  '
SET_MAKE=''
SHELL='/bin/sh'
STRIP='strip'
USE_NLS='yes'
VALAC='/usr/bin/valac'
VERSION='0.1'
XGETTEXT='/usr/bin/xgettext'
ac_ct_CC='gcc'
ac_ct_DUMPBIN=''
am__EXEEXT_FALSE=''
am__EXEEXT_TRUE='#'
am__fastdepCC_FALSE='#'
am__fastdepCC_TRUE=''
am__include='include'
am__isrc=''
am__leading_dot='.'
am__quote=''
am__tar='${AMTAR} chof - "$$tardir"'
am__untar='${AMTAR} xf -'
bindir='${exec_prefix}/bin'
build='x86_64-unknown-linux-gnu'
build_alias=''
build_cpu='x86_64'
build_os='linux-gnu'
build_vendor='unknown'
datadir='${datarootdir}'
datarootdir='${prefix}/share'
docdir='${datarootdir}/doc/${PACKAGE_TARNAME}'
dvidir='${docdir}'
exec_prefix='${prefix}'
host='x86_64-unknown-linux-gnu'
host_alias=''
host_cpu='x86_64'
host_os='linux-gnu'
host_vendor='unknown'
htmldir='${docdir}'
includedir='${prefix}/include'
infodir='${datarootdir}/info'
install_sh='${SHELL} /home/alex/code/seedkit/install-sh'
libdir='/usr/lib64'
libexecdir='${exec_prefix}/libexec'
localedir='${datarootdir}/locale'
localstatedir='${prefix}/var'
lt_ECHO='echo'
mandir='${datarootdir}/man'
mkdir_p='/bin/mkdir -p'
oldincludedir='/usr/include'
pdfdir='${docdir}'
prefix='/usr'
program_transform_name='s,x,x,'
psdir='${docdir}'
sbindir='${exec_prefix}/sbin'
sharedstatedir='${prefix}/com'
sysconfdir='${prefix}/etc'
target_alias=''

## ----------- ##
## confdefs.h. ##
## ----------- ##

/* confdefs.h */
#define PACKAGE_NAME "seedkit"
#define PACKAGE_TARNAME "seedkit"
#define PACKAGE_VERSION "0.1"
#define PACKAGE_STRING "seedkit 0.1"
#define PACKAGE_BUGREPORT ""
#define PACKAGE_URL ""
#define PACKAGE "seedkit"
#define VERSION "0.1"
#define STDC_HEADERS 1
#define HAVE_SYS_TYPES_H 1
#define HAVE_SYS_STAT_H 1
#define HAVE_STDLIB_H 1
#define HAVE_STRING_H 1
#define HAVE_MEMORY_H 1
#define HAVE_STRINGS_H 1
#define HAVE_INTTYPES_H 1
#define HAVE_STDINT_H 1
#define HAVE_UNISTD_H 1
#define HAVE_DLFCN_H 1
#define LT_OBJDIR ".libs/"
#define GETTEXT_PACKAGE "seedkit"
#define HAVE_LOCALE_H 1
#define HAVE_LC_MESSAGES 1
#define HAVE_BIND_TEXTDOMAIN_CODESET 1
#define HAVE_GETTEXT 1
#define HAVE_DCGETTEXT 1
#define ENABLE_NLS 1

configure: exit 0

## ---------------------- ##
## Running config.status. ##
## ---------------------- ##

This file was extended by seedkit config.status 0.1, which was
generated by GNU Autoconf 2.65.  Invocation command line was

  CONFIG_FILES    = 
  CONFIG_HEADERS  = 
  CONFIG_LINKS    = 
  CONFIG_COMMANDS = 
  $ ./config.status 

on localhost.localdomain

config.status:1151: creating Makefile
config.status:1151: creating src/Makefile
config.status:1151: creating src/libseedkit/Makefile
config.status:1151: creating src/libseedkit/seedkit-1.0.pc
config.status:1151: creating src/seedkit-viewer/Makefile
config.status:1151: creating po/Makefile.in
config.status:1151: creating config.h
config.status:1323: config.h is unchanged
config.status:1371: executing depfiles commands
config.status:1371: executing libtool commands
config.status:1371: executing default-1 commands
config.status:1371: executing po/stamp-it commands

## ---------------------- ##
## Running config.status. ##
## ---------------------- ##

This file was extended by seedkit config.status 0.1, which was
generated by GNU Autoconf 2.65.  Invocation command line was

  CONFIG_FILES    = 
  CONFIG_HEADERS  = 
  CONFIG_LINKS    = 
  CONFIG_COMMANDS = 
  $ ./config.status config.h

on localhost.localdomain

config.status:1151: creating config.h
config.status:1323: config.h is unchanged

## ---------------------- ##
## Running config.status. ##
## ---------------------- ##

This file was extended by seedkit config.status 0.1, which was
generated by GNU Autoconf 2.65.  Invocation command line was

  CONFIG_FILES    = 
  CONFIG_HEADERS  = 
  CONFIG_LINKS    = 
  CONFIG_COMMANDS = 
  $ ./config.status src/seedkit-viewer/Makefile depfiles

on localhost.localdomain

config.status:1151: creating src/seedkit-viewer/Makefile
config.status:1371: executing depfiles commands
